This file contains any messages produced by compilers while
running configure, to aid debugging if configure makes a mistake.

It was created by beat-off configure 1.0.0, which was
generated by GNU Autoconf 2.69.  Invocation command line was

  $ ./configure 

## --------- ##
## Platform. ##
## --------- ##

hostname = creeping-lichen
uname -m = x86_64
uname -r = 3.19.0-20-lowlatency
uname -s = Linux
uname -v = #20-Ubuntu SMP PREEMPT Fri May 29 10:30:39 UTC 2015

/usr/bin/uname -p = unknown
/bin/uname -X     = unknown

/bin/arch              = unknown
/usr/bin/arch -k       = unknown
/usr/convex/getsysinfo = unknown
/usr/bin/hostinfo      = unknown
/bin/machine           = unknown
/usr/bin/oslevel       = unknown
/bin/universe          = unknown

PATH: /home/zen/.local/share/go/bin
PATH: /home/zen/.local/tarballs/android-ndk-r10c
PATH: /home/zen/.local/bin
PATH: /home/zen/local/bin
PATH: /usr/local/sbin
PATH: /usr/local/bin
PATH: /usr/bin/X11
PATH: /usr/bin
PATH: /usr/sbin
PATH: /usr/games
PATH: /bin
PATH: /sbin


## ----------- ##
## Core tests. ##
## ----------- ##

configure:2092: checking for pkg-config
configure:2110: found /usr/bin/pkg-config
configure:2122: result: /usr/bin/pkg-config
configure:2147: checking pkg-config is at least version 0.9.0
configure:2150: result: yes
configure:2270: checking for C++ compiler version
configure:2279: clang++ --version >&5
Ubuntu clang version 3.7.0-svn239991-1~exp1 (trunk) (based on LLVM 3.7.0)
Target: x86_64-pc-linux-gnu
Thread model: posix
configure:2290: $? = 0
configure:2279: clang++ -v >&5
Ubuntu clang version 3.7.0-svn239991-1~exp1 (trunk) (based on LLVM 3.7.0)
Target: x86_64-pc-linux-gnu
Thread model: posix
Found candidate GCC installation: /usr/bin/../lib/gcc/i686-linux-gnu/5.1.1
Found candidate GCC installation: /usr/bin/../lib/gcc/x86_64-linux-gnu/4.8
Found candidate GCC installation: /usr/bin/../lib/gcc/x86_64-linux-gnu/4.8.5
Found candidate GCC installation: /usr/bin/../lib/gcc/x86_64-linux-gnu/4.9
Found candidate GCC installation: /usr/bin/../lib/gcc/x86_64-linux-gnu/4.9.2
Found candidate GCC installation: /usr/bin/../lib/gcc/x86_64-linux-gnu/5.1.1
Found candidate GCC installation: /usr/lib/gcc/i686-linux-gnu/5.1.1
... rest of stderr output deleted ...
configure:2290: $? = 0
configure:2279: clang++ -V >&5
clang: error: argument to '-V' is missing (expected 1 value)
clang: error: no input files
configure:2290: $? = 1
configure:2279: clang++ -qversion >&5
clang: error: unknown argument: '-qversion'
clang: error: no input files
configure:2290: $? = 1
configure:2310: checking whether the C++ compiler works
configure:2332: clang++  -std=gnu++14 -Wno-error -Wno-c++11-narrowing    conftest.cpp  >&5
configure:2336: $? = 0
configure:2384: result: yes
configure:2387: checking for C++ compiler default output file name
configure:2389: result: a.out
configure:2395: checking for suffix of executables
configure:2402: clang++ -o conftest  -std=gnu++14 -Wno-error -Wno-c++11-narrowing    conftest.cpp  >&5
configure:2406: $? = 0
configure:2428: result: 
configure:2450: checking whether we are cross compiling
configure:2458: clang++ -o conftest  -std=gnu++14 -Wno-error -Wno-c++11-narrowing    conftest.cpp  >&5
configure:2462: $? = 0
configure:2469: ./conftest
configure:2473: $? = 0
configure:2488: result: no
configure:2493: checking for suffix of object files
configure:2515: clang++ -c  -std=gnu++14 -Wno-error -Wno-c++11-narrowing   conftest.cpp >&5
configure:2519: $? = 0
configure:2540: result: o
configure:2544: checking whether we are using the GNU C++ compiler
configure:2563: clang++ -c  -std=gnu++14 -Wno-error -Wno-c++11-narrowing   conftest.cpp >&5
configure:2563: $? = 0
configure:2572: result: yes
configure:2581: checking whether clang++ accepts -g
configure:2601: clang++ -c -g  conftest.cpp >&5
configure:2601: $? = 0
configure:2642: result: yes
configure:2713: checking for gcc
configure:2740: result: clang
configure:2969: checking for C compiler version
configure:2978: clang --version >&5
Ubuntu clang version 3.7.0-svn239991-1~exp1 (trunk) (based on LLVM 3.7.0)
Target: x86_64-pc-linux-gnu
Thread model: posix
configure:2989: $? = 0
configure:2978: clang -v >&5
Ubuntu clang version 3.7.0-svn239991-1~exp1 (trunk) (based on LLVM 3.7.0)
Target: x86_64-pc-linux-gnu
Thread model: posix
Found candidate GCC installation: /usr/bin/../lib/gcc/i686-linux-gnu/5.1.1
Found candidate GCC installation: /usr/bin/../lib/gcc/x86_64-linux-gnu/4.8
Found candidate GCC installation: /usr/bin/../lib/gcc/x86_64-linux-gnu/4.8.5
Found candidate GCC installation: /usr/bin/../lib/gcc/x86_64-linux-gnu/4.9
Found candidate GCC installation: /usr/bin/../lib/gcc/x86_64-linux-gnu/4.9.2
Found candidate GCC installation: /usr/bin/../lib/gcc/x86_64-linux-gnu/5.1.1
Found candidate GCC installation: /usr/lib/gcc/i686-linux-gnu/5.1.1
... rest of stderr output deleted ...
configure:2989: $? = 0
configure:2978: clang -V >&5
clang: error: argument to '-V' is missing (expected 1 value)
clang: error: no input files
configure:2989: $? = 1
configure:2978: clang -qversion >&5
clang: error: unknown argument: '-qversion'
clang: error: no input files
configure:2989: $? = 1
configure:2993: checking whether we are using the GNU C compiler
configure:3012: clang -c  -std=gnu11   conftest.c >&5
configure:3012: $? = 0
configure:3021: result: yes
configure:3030: checking whether clang accepts -g
configure:3050: clang -c -g  conftest.c >&5
configure:3050: $? = 0
configure:3091: result: yes
configure:3108: checking for clang option to accept ISO C89
configure:3171: clang  -c  -std=gnu11   conftest.c >&5
configure:3171: $? = 0
configure:3184: result: none needed
configure:3210: checking how to run the C preprocessor
configure:3241: clang -E  conftest.c
configure:3241: $? = 0
configure:3255: clang -E  conftest.c
conftest.c:9:10: fatal error: 'ac_nonexistent.h' file not found
#include <ac_nonexistent.h>
         ^
1 error generated.
configure:3255: $? = 1
configure: failed program was:
| /* confdefs.h */
| #define PACKAGE_NAME "beat-off"
| #define PACKAGE_TARNAME "https://github.com/ervanalb/beat-off"
| #define PACKAGE_VERSION "1.0.0"
| #define PACKAGE_STRING "beat-off 1.0.0"
| #define PACKAGE_BUGREPORT "zbanks@mit.edu"
| #define PACKAGE_URL ""
| /* end confdefs.h.  */
| #include <ac_nonexistent.h>
configure:3280: result: clang -E
configure:3300: clang -E  conftest.c
configure:3300: $? = 0
configure:3314: clang -E  conftest.c
conftest.c:9:10: fatal error: 'ac_nonexistent.h' file not found
#include <ac_nonexistent.h>
         ^
1 error generated.
configure:3314: $? = 1
configure: failed program was:
| /* confdefs.h */
| #define PACKAGE_NAME "beat-off"
| #define PACKAGE_TARNAME "https://github.com/ervanalb/beat-off"
| #define PACKAGE_VERSION "1.0.0"
| #define PACKAGE_STRING "beat-off 1.0.0"
| #define PACKAGE_BUGREPORT "zbanks@mit.edu"
| #define PACKAGE_URL ""
| /* end confdefs.h.  */
| #include <ac_nonexistent.h>
configure:3343: checking for grep that handles long lines and -e
configure:3401: result: /bin/grep
configure:3406: checking for egrep
configure:3468: result: /bin/grep -E
configure:3473: checking for ANSI C header files
configure:3493: clang -c  -std=gnu11   conftest.c >&5
configure:3493: $? = 0
configure:3566: clang -o conftest  -std=gnu11    conftest.c  >&5
configure:3566: $? = 0
configure:3566: ./conftest
configure:3566: $? = 0
configure:3577: result: yes
configure:3590: checking for sys/types.h
configure:3590: clang -c  -std=gnu11   conftest.c >&5
configure:3590: $? = 0
configure:3590: result: yes
configure:3590: checking for sys/stat.h
configure:3590: clang -c  -std=gnu11   conftest.c >&5
configure:3590: $? = 0
configure:3590: result: yes
configure:3590: checking for stdlib.h
configure:3590: clang -c  -std=gnu11   conftest.c >&5
configure:3590: $? = 0
configure:3590: result: yes
configure:3590: checking for string.h
configure:3590: clang -c  -std=gnu11   conftest.c >&5
configure:3590: $? = 0
configure:3590: result: yes
configure:3590: checking for memory.h
configure:3590: clang -c  -std=gnu11   conftest.c >&5
configure:3590: $? = 0
configure:3590: result: yes
configure:3590: checking for strings.h
configure:3590: clang -c  -std=gnu11   conftest.c >&5
configure:3590: $? = 0
configure:3590: result: yes
configure:3590: checking for inttypes.h
configure:3590: clang -c  -std=gnu11   conftest.c >&5
configure:3590: $? = 0
configure:3590: result: yes
configure:3590: checking for stdint.h
configure:3590: clang -c  -std=gnu11   conftest.c >&5
configure:3590: $? = 0
configure:3590: result: yes
configure:3590: checking for unistd.h
configure:3590: clang -c  -std=gnu11   conftest.c >&5
configure:3590: $? = 0
configure:3590: result: yes
configure:3602: checking whether byte ordering is bigendian
configure:3617: clang -c  -std=gnu11   conftest.c >&5
conftest.c:20:9: error: unknown type name 'not'
               not a universal capable compiler
               ^
conftest.c:20:14: error: expected ';' after top level declarator
               not a universal capable compiler
                    ^
                    ;
2 errors generated.
configure:3617: $? = 1
configure: failed program was:
| /* confdefs.h */
| #define PACKAGE_NAME "beat-off"
| #define PACKAGE_TARNAME "https://github.com/ervanalb/beat-off"
| #define PACKAGE_VERSION "1.0.0"
| #define PACKAGE_STRING "beat-off 1.0.0"
| #define PACKAGE_BUGREPORT "zbanks@mit.edu"
| #define PACKAGE_URL ""
| #define STDC_HEADERS 1
| #define HAVE_SYS_TYPES_H 1
| #define HAVE_SYS_STAT_H 1
| #define HAVE_STDLIB_H 1
| #define HAVE_STRING_H 1
| #define HAVE_MEMORY_H 1
| #define HAVE_STRINGS_H 1
| #define HAVE_INTTYPES_H 1
| #define HAVE_STDINT_H 1
| #define HAVE_UNISTD_H 1
| /* end confdefs.h.  */
| #ifndef __APPLE_CC__
| 	       not a universal capable compiler
| 	     #endif
| 	     typedef int dummy;
| 
configure:3662: clang -c  -std=gnu11   conftest.c >&5
configure:3662: $? = 0
configure:3680: clang -c  -std=gnu11   conftest.c >&5
conftest.c:26:4: error: use of undeclared identifier 'not'
                 not big endian
                 ^
1 error generated.
configure:3680: $? = 1
configure: failed program was:
| /* confdefs.h */
| #define PACKAGE_NAME "beat-off"
| #define PACKAGE_TARNAME "https://github.com/ervanalb/beat-off"
| #define PACKAGE_VERSION "1.0.0"
| #define PACKAGE_STRING "beat-off 1.0.0"
| #define PACKAGE_BUGREPORT "zbanks@mit.edu"
| #define PACKAGE_URL ""
| #define STDC_HEADERS 1
| #define HAVE_SYS_TYPES_H 1
| #define HAVE_SYS_STAT_H 1
| #define HAVE_STDLIB_H 1
| #define HAVE_STRING_H 1
| #define HAVE_MEMORY_H 1
| #define HAVE_STRINGS_H 1
| #define HAVE_INTTYPES_H 1
| #define HAVE_STDINT_H 1
| #define HAVE_UNISTD_H 1
| /* end confdefs.h.  */
| #include <sys/types.h>
| 		#include <sys/param.h>
| 
| int
| main ()
| {
| #if BYTE_ORDER != BIG_ENDIAN
| 		 not big endian
| 		#endif
| 
|   ;
|   return 0;
| }
configure:3808: result: no
configure:3826: checking for an ANSI C-conforming const
configure:3892: clang -c  -std=gnu11   conftest.c >&5
configure:3892: $? = 0
configure:3899: result: yes
configure:3907: checking for inline
configure:3923: clang -c  -std=gnu11   conftest.c >&5
configure:3923: $? = 0
configure:3931: result: inline
configure:3979: checking for library containing dlopen
configure:4010: clang -o conftest  -std=gnu11    conftest.c  >&5
/tmp/conftest-dfe279.o: In function `main':
conftest.c:(.text+0x12): undefined reference to `dlopen'
clang: error: linker command failed with exit code 1 (use -v to see invocation)
configure:4010: $? = 1
configure: failed program was:
| /* confdefs.h */
| #define PACKAGE_NAME "beat-off"
| #define PACKAGE_TARNAME "https://github.com/ervanalb/beat-off"
| #define PACKAGE_VERSION "1.0.0"
| #define PACKAGE_STRING "beat-off 1.0.0"
| #define PACKAGE_BUGREPORT "zbanks@mit.edu"
| #define PACKAGE_URL ""
| #define STDC_HEADERS 1
| #define HAVE_SYS_TYPES_H 1
| #define HAVE_SYS_STAT_H 1
| #define HAVE_STDLIB_H 1
| #define HAVE_STRING_H 1
| #define HAVE_MEMORY_H 1
| #define HAVE_STRINGS_H 1
| #define HAVE_INTTYPES_H 1
| #define HAVE_STDINT_H 1
| #define HAVE_UNISTD_H 1
| /* end confdefs.h.  */
| 
| /* Override any GCC internal prototype to avoid an error.
|    Use char because int might match the return type of a GCC
|    builtin and then its argument prototype would still apply.  */
| #ifdef __cplusplus
| extern "C"
| #endif
| char dlopen ();
| int
| main ()
| {
| return dlopen ();
|   ;
|   return 0;
| }
configure:4010: clang -o conftest  -std=gnu11    conftest.c -ldl   >&5
configure:4010: $? = 0
configure:4027: result: -ldl
configure:4039: checking for library containing cos
configure:4070: clang -o conftest  -std=gnu11    conftest.c -ldl  >&5
conftest.c:26:6: warning: incompatible redeclaration of library function 'cos' [-Wincompatible-library-redeclaration]
char cos ();
     ^
conftest.c:26:6: note: 'cos' is a builtin with type 'double (double)'
1 warning generated.
/tmp/conftest-430586.o: In function `main':
conftest.c:(.text+0x16): undefined reference to `cos'
clang: error: linker command failed with exit code 1 (use -v to see invocation)
configure:4070: $? = 1
configure: failed program was:
| /* confdefs.h */
| #define PACKAGE_NAME "beat-off"
| #define PACKAGE_TARNAME "https://github.com/ervanalb/beat-off"
| #define PACKAGE_VERSION "1.0.0"
| #define PACKAGE_STRING "beat-off 1.0.0"
| #define PACKAGE_BUGREPORT "zbanks@mit.edu"
| #define PACKAGE_URL ""
| #define STDC_HEADERS 1
| #define HAVE_SYS_TYPES_H 1
| #define HAVE_SYS_STAT_H 1
| #define HAVE_STDLIB_H 1
| #define HAVE_STRING_H 1
| #define HAVE_MEMORY_H 1
| #define HAVE_STRINGS_H 1
| #define HAVE_INTTYPES_H 1
| #define HAVE_STDINT_H 1
| #define HAVE_UNISTD_H 1
| /* end confdefs.h.  */
| 
| /* Override any GCC internal prototype to avoid an error.
|    Use char because int might match the return type of a GCC
|    builtin and then its argument prototype would still apply.  */
| #ifdef __cplusplus
| extern "C"
| #endif
| char cos ();
| int
| main ()
| {
| return cos ();
|   ;
|   return 0;
| }
configure:4070: clang -o conftest  -std=gnu11    conftest.c -lm  -ldl  >&5
conftest.c:26:6: warning: incompatible redeclaration of library function 'cos' [-Wincompatible-library-redeclaration]
char cos ();
     ^
conftest.c:26:6: note: 'cos' is a builtin with type 'double (double)'
1 warning generated.
configure:4070: $? = 0
configure:4087: result: -lm
configure:4099: checking for library containing pthread_create
configure:4130: clang -o conftest  -std=gnu11    conftest.c -lm -ldl  >&5
/tmp/conftest-d3ef34.o: In function `main':
conftest.c:(.text+0x12): undefined reference to `pthread_create'
clang: error: linker command failed with exit code 1 (use -v to see invocation)
configure:4130: $? = 1
configure: failed program was:
| /* confdefs.h */
| #define PACKAGE_NAME "beat-off"
| #define PACKAGE_TARNAME "https://github.com/ervanalb/beat-off"
| #define PACKAGE_VERSION "1.0.0"
| #define PACKAGE_STRING "beat-off 1.0.0"
| #define PACKAGE_BUGREPORT "zbanks@mit.edu"
| #define PACKAGE_URL ""
| #define STDC_HEADERS 1
| #define HAVE_SYS_TYPES_H 1
| #define HAVE_SYS_STAT_H 1
| #define HAVE_STDLIB_H 1
| #define HAVE_STRING_H 1
| #define HAVE_MEMORY_H 1
| #define HAVE_STRINGS_H 1
| #define HAVE_INTTYPES_H 1
| #define HAVE_STDINT_H 1
| #define HAVE_UNISTD_H 1
| /* end confdefs.h.  */
| 
| /* Override any GCC internal prototype to avoid an error.
|    Use char because int might match the return type of a GCC
|    builtin and then its argument prototype would still apply.  */
| #ifdef __cplusplus
| extern "C"
| #endif
| char pthread_create ();
| int
| main ()
| {
| return pthread_create ();
|   ;
|   return 0;
| }
configure:4130: clang -o conftest  -std=gnu11    conftest.c -lpthread  -lm -ldl  >&5
configure:4130: $? = 0
configure:4147: result: -lpthread
configure:4158: checking for library containing Pa_Initialize
configure:4189: clang -o conftest  -std=gnu11    conftest.c -lpthread -lm -ldl  >&5
/tmp/conftest-fb39b0.o: In function `main':
conftest.c:(.text+0x12): undefined reference to `Pa_Initialize'
clang: error: linker command failed with exit code 1 (use -v to see invocation)
configure:4189: $? = 1
configure: failed program was:
| /* confdefs.h */
| #define PACKAGE_NAME "beat-off"
| #define PACKAGE_TARNAME "https://github.com/ervanalb/beat-off"
| #define PACKAGE_VERSION "1.0.0"
| #define PACKAGE_STRING "beat-off 1.0.0"
| #define PACKAGE_BUGREPORT "zbanks@mit.edu"
| #define PACKAGE_URL ""
| #define STDC_HEADERS 1
| #define HAVE_SYS_TYPES_H 1
| #define HAVE_SYS_STAT_H 1
| #define HAVE_STDLIB_H 1
| #define HAVE_STRING_H 1
| #define HAVE_MEMORY_H 1
| #define HAVE_STRINGS_H 1
| #define HAVE_INTTYPES_H 1
| #define HAVE_STDINT_H 1
| #define HAVE_UNISTD_H 1
| /* end confdefs.h.  */
| 
| /* Override any GCC internal prototype to avoid an error.
|    Use char because int might match the return type of a GCC
|    builtin and then its argument prototype would still apply.  */
| #ifdef __cplusplus
| extern "C"
| #endif
| char Pa_Initialize ();
| int
| main ()
| {
| return Pa_Initialize ();
|   ;
|   return 0;
| }
configure:4189: clang -o conftest  -std=gnu11    conftest.c -lportaudio  -lpthread -lm -ldl  >&5
configure:4189: $? = 0
configure:4206: result: -lportaudio
configure:4221: checking for GLEW
configure:4228: $PKG_CONFIG --exists --print-errors "glew"
configure:4231: $? = 0
configure:4245: $PKG_CONFIG --exists --print-errors "glew"
configure:4248: $? = 0
configure:4286: result: yes
configure:4295: checking for GLFW
configure:4302: $PKG_CONFIG --exists --print-errors "glfw3"
configure:4305: $? = 0
configure:4319: $PKG_CONFIG --exists --print-errors "glfw3"
configure:4322: $? = 0
configure:4360: result: yes
configure:4369: checking for SRC
configure:4376: $PKG_CONFIG --exists --print-errors "samplerate"
configure:4379: $? = 0
configure:4393: $PKG_CONFIG --exists --print-errors "samplerate"
configure:4396: $? = 0
configure:4434: result: yes
configure:4444: checking for FFTWF
configure:4451: $PKG_CONFIG --exists --print-errors "fftw3f"
configure:4454: $? = 0
configure:4468: $PKG_CONFIG --exists --print-errors "fftw3f"
configure:4471: $? = 0
configure:4509: result: yes
configure:4523: checking for SDL
configure:4530: $PKG_CONFIG --exists --print-errors "sdl2 SDL2_ttf SDL2_gfx SDL2_image SDL2_mixer "
configure:4533: $? = 0
configure:4547: $PKG_CONFIG --exists --print-errors "sdl2 SDL2_ttf SDL2_gfx SDL2_image SDL2_mixer "
configure:4550: $? = 0
configure:4588: result: yes
configure:4615: checking for main in -lvamp-hostsdk
configure:4634: clang -o conftest  -std=gnu11   -std=gnu11  -D_REENTRANT -I/usr/local/include/SDL2 -I/usr/include/SDL2   conftest.c -lvamp-hostsdk  -lportaudio -lpthread -lm -ldl  -lGLEW -lGLU -lGL   -L/usr/local/lib -lglfw3  -lsamplerate  -lfftw3f  -L/usr/local/lib -lSDL2_ttf -lSDL2_gfx -lSDL2_image -lSDL2_mixer -Wl,-rpath,/usr/local/lib -lSDL2  >&5
configure:4634: $? = 0
configure:4643: result: yes
configure:4668: checking for library containing flux_cli_init
configure:4699: clang -o conftest  -std=gnu11   -std=gnu11  -D_REENTRANT -I/usr/local/include/SDL2 -I/usr/include/SDL2   conftest.c -lportaudio -lpthread -lm -ldl  -lGLEW -lGLU -lGL   -L/usr/local/lib -lglfw3  -lsamplerate  -lfftw3f  -L/usr/local/lib -lSDL2_ttf -lSDL2_gfx -lSDL2_image -lSDL2_mixer -Wl,-rpath,/usr/local/lib -lSDL2  -lvamp-hostsdk >&5
/tmp/conftest-11db9e.o: In function `main':
conftest.c:(.text+0x12): undefined reference to `flux_cli_init'
clang: error: linker command failed with exit code 1 (use -v to see invocation)
configure:4699: $? = 1
configure: failed program was:
| /* confdefs.h */
| #define PACKAGE_NAME "beat-off"
| #define PACKAGE_TARNAME "https://github.com/ervanalb/beat-off"
| #define PACKAGE_VERSION "1.0.0"
| #define PACKAGE_STRING "beat-off 1.0.0"
| #define PACKAGE_BUGREPORT "zbanks@mit.edu"
| #define PACKAGE_URL ""
| #define STDC_HEADERS 1
| #define HAVE_SYS_TYPES_H 1
| #define HAVE_SYS_STAT_H 1
| #define HAVE_STDLIB_H 1
| #define HAVE_STRING_H 1
| #define HAVE_MEMORY_H 1
| #define HAVE_STRINGS_H 1
| #define HAVE_INTTYPES_H 1
| #define HAVE_STDINT_H 1
| #define HAVE_UNISTD_H 1
| #define SDL_ENABLED 1
| #define VAMP_ENABLED 1
| /* end confdefs.h.  */
| 
| /* Override any GCC internal prototype to avoid an error.
|    Use char because int might match the return type of a GCC
|    builtin and then its argument prototype would still apply.  */
| #ifdef __cplusplus
| extern "C"
| #endif
| char flux_cli_init ();
| int
| main ()
| {
| return flux_cli_init ();
|   ;
|   return 0;
| }
configure:4699: clang -o conftest  -std=gnu11   -std=gnu11  -D_REENTRANT -I/usr/local/include/SDL2 -I/usr/include/SDL2   conftest.c -lflux  -lportaudio -lpthread -lm -ldl  -lGLEW -lGLU -lGL   -L/usr/local/lib -lglfw3  -lsamplerate  -lfftw3f  -L/usr/local/lib -lSDL2_ttf -lSDL2_gfx -lSDL2_image -lSDL2_mixer -Wl,-rpath,/usr/local/lib -lSDL2  -lvamp-hostsdk >&5
configure:4699: $? = 0
configure:4716: result: -lflux
configure:4742: checking for library containing Pm_Initialize
configure:4773: clang -o conftest  -std=gnu11   -std=gnu11  -D_REENTRANT -I/usr/local/include/SDL2 -I/usr/include/SDL2   conftest.c -lflux -lportaudio -lpthread -lm -ldl  -lGLEW -lGLU -lGL   -L/usr/local/lib -lglfw3  -lsamplerate  -lfftw3f  -L/usr/local/lib -lSDL2_ttf -lSDL2_gfx -lSDL2_image -lSDL2_mixer -Wl,-rpath,/usr/local/lib -lSDL2  -lvamp-hostsdk >&5
/tmp/conftest-fabec3.o: In function `main':
conftest.c:(.text+0x12): undefined reference to `Pm_Initialize'
clang: error: linker command failed with exit code 1 (use -v to see invocation)
configure:4773: $? = 1
configure: failed program was:
| /* confdefs.h */
| #define PACKAGE_NAME "beat-off"
| #define PACKAGE_TARNAME "https://github.com/ervanalb/beat-off"
| #define PACKAGE_VERSION "1.0.0"
| #define PACKAGE_STRING "beat-off 1.0.0"
| #define PACKAGE_BUGREPORT "zbanks@mit.edu"
| #define PACKAGE_URL ""
| #define STDC_HEADERS 1
| #define HAVE_SYS_TYPES_H 1
| #define HAVE_SYS_STAT_H 1
| #define HAVE_STDLIB_H 1
| #define HAVE_STRING_H 1
| #define HAVE_MEMORY_H 1
| #define HAVE_STRINGS_H 1
| #define HAVE_INTTYPES_H 1
| #define HAVE_STDINT_H 1
| #define HAVE_UNISTD_H 1
| #define SDL_ENABLED 1
| #define VAMP_ENABLED 1
| #define FLUX_ENABLED 1
| /* end confdefs.h.  */
| 
| /* Override any GCC internal prototype to avoid an error.
|    Use char because int might match the return type of a GCC
|    builtin and then its argument prototype would still apply.  */
| #ifdef __cplusplus
| extern "C"
| #endif
| char Pm_Initialize ();
| int
| main ()
| {
| return Pm_Initialize ();
|   ;
|   return 0;
| }
configure:4773: clang -o conftest  -std=gnu11   -std=gnu11  -D_REENTRANT -I/usr/local/include/SDL2 -I/usr/include/SDL2   conftest.c -lportmidi  -lflux -lportaudio -lpthread -lm -ldl  -lGLEW -lGLU -lGL   -L/usr/local/lib -lglfw3  -lsamplerate  -lfftw3f  -L/usr/local/lib -lSDL2_ttf -lSDL2_gfx -lSDL2_image -lSDL2_mixer -Wl,-rpath,/usr/local/lib -lSDL2  -lvamp-hostsdk >&5
configure:4773: $? = 0
configure:4790: result: -lportmidi
configure:4929: creating ./config.status

## ---------------------- ##
## Running config.status. ##
## ---------------------- ##

This file was extended by beat-off config.status 1.0.0, which was
generated by GNU Autoconf 2.69.  Invocation command line was

  CONFIG_FILES    = 
  CONFIG_HEADERS  = 
  CONFIG_LINKS    = 
  CONFIG_COMMANDS = 
  $ ./config.status 

on creeping-lichen

config.status:822: creating Makefile
config.status:822: creating src/confdefs.h
config.status:992: src/confdefs.h is unchanged

## ---------------- ##
## Cache variables. ##
## ---------------- ##

ac_cv_c_bigendian=no
ac_cv_c_compiler_gnu=yes
ac_cv_c_const=yes
ac_cv_c_inline=inline
ac_cv_cxx_compiler_gnu=yes
ac_cv_env_CCC_set=
ac_cv_env_CCC_value=
ac_cv_env_CC_set=set
ac_cv_env_CC_value=clang
ac_cv_env_CFLAGS_set=set
ac_cv_env_CFLAGS_value=' -std=gnu11 '
ac_cv_env_CPPFLAGS_set=
ac_cv_env_CPPFLAGS_value=
ac_cv_env_CPP_set=
ac_cv_env_CPP_value=
ac_cv_env_CXXFLAGS_set=set
ac_cv_env_CXXFLAGS_value=' -std=gnu++14 -Wno-error -Wno-c++11-narrowing '
ac_cv_env_CXX_set=set
ac_cv_env_CXX_value=clang++
ac_cv_env_FFTWF_CFLAGS_set=
ac_cv_env_FFTWF_CFLAGS_value=
ac_cv_env_FFTWF_LIBS_set=
ac_cv_env_FFTWF_LIBS_value=
ac_cv_env_GLEW_CFLAGS_set=
ac_cv_env_GLEW_CFLAGS_value=
ac_cv_env_GLEW_LIBS_set=
ac_cv_env_GLEW_LIBS_value=
ac_cv_env_GLFW_CFLAGS_set=
ac_cv_env_GLFW_CFLAGS_value=
ac_cv_env_GLFW_LIBS_set=
ac_cv_env_GLFW_LIBS_value=
ac_cv_env_LDFLAGS_set=
ac_cv_env_LDFLAGS_value=
ac_cv_env_LIBS_set=
ac_cv_env_LIBS_value=
ac_cv_env_PKG_CONFIG_LIBDIR_set=
ac_cv_env_PKG_CONFIG_LIBDIR_value=
ac_cv_env_PKG_CONFIG_PATH_set=
ac_cv_env_PKG_CONFIG_PATH_value=
ac_cv_env_PKG_CONFIG_set=
ac_cv_env_PKG_CONFIG_value=
ac_cv_env_SDL_CFLAGS_set=
ac_cv_env_SDL_CFLAGS_value=
ac_cv_env_SDL_LIBS_set=
ac_cv_env_SDL_LIBS_value=
ac_cv_env_SRC_CFLAGS_set=
ac_cv_env_SRC_CFLAGS_value=
ac_cv_env_SRC_LIBS_set=
ac_cv_env_SRC_LIBS_value=
ac_cv_env_build_alias_set=
ac_cv_env_build_alias_value=
ac_cv_env_host_alias_set=
ac_cv_env_host_alias_value=
ac_cv_env_target_alias_set=
ac_cv_env_target_alias_value=
ac_cv_header_inttypes_h=yes
ac_cv_header_memory_h=yes
ac_cv_header_stdc=yes
ac_cv_header_stdint_h=yes
ac_cv_header_stdlib_h=yes
ac_cv_header_string_h=yes
ac_cv_header_strings_h=yes
ac_cv_header_sys_stat_h=yes
ac_cv_header_sys_types_h=yes
ac_cv_header_unistd_h=yes
ac_cv_lib_vamp_hostsdk_main=yes
ac_cv_objext=o
ac_cv_path_EGREP='/bin/grep -E'
ac_cv_path_GREP=/bin/grep
ac_cv_path_ac_pt_PKG_CONFIG=/usr/bin/pkg-config
ac_cv_prog_CPP='clang -E'
ac_cv_prog_ac_ct_CC=clang
ac_cv_prog_cc_c89=
ac_cv_prog_cc_g=yes
ac_cv_prog_cxx_g=yes
ac_cv_search_Pa_Initialize=-lportaudio
ac_cv_search_Pm_Initialize=-lportmidi
ac_cv_search_cos=-lm
ac_cv_search_dlopen=-ldl
ac_cv_search_flux_cli_init=-lflux
ac_cv_search_pthread_create=-lpthread
pkg_cv_FFTWF_CFLAGS=
pkg_cv_FFTWF_LIBS='-lfftw3f '
pkg_cv_GLEW_CFLAGS='-I/usr/local/include -I/usr/include/GL -I/usr/include/libdrm '
pkg_cv_GLEW_LIBS='-lGLEW -lGLU -lGL '
pkg_cv_GLFW_CFLAGS='-I/usr/local/include -I/usr/include/libdrm '
pkg_cv_GLFW_LIBS='-L/usr/local/lib -lglfw3 '
pkg_cv_SDL_CFLAGS='-D_REENTRANT -I/usr/local/include/SDL2 -I/usr/include/SDL2 '
pkg_cv_SDL_LIBS='-L/usr/local/lib -lSDL2_ttf -lSDL2_gfx -lSDL2_image -lSDL2_mixer -Wl,-rpath,/usr/local/lib -lSDL2 '
pkg_cv_SRC_CFLAGS=
pkg_cv_SRC_LIBS='-lsamplerate '

## ----------------- ##
## Output variables. ##
## ----------------- ##

CC='clang'
CFLAGS=' -std=gnu11 '
CPP='clang -E'
CPPFLAGS=' -std=gnu11  -D_REENTRANT -I/usr/local/include/SDL2 -I/usr/include/SDL2 '
CXX='clang++'
CXXFLAGS=' -std=gnu++14 -Wno-error -Wno-c++11-narrowing '
DEFS='-DHAVE_CONFIG_H'
ECHO_C=''
ECHO_N='-n'
ECHO_T=''
EGREP='/bin/grep -E'
EXEEXT=''
FFTWF_CFLAGS=''
FFTWF_LIBS='-lfftw3f '
FLUX_ENABLED='yes'
GLEW_CFLAGS='-I/usr/local/include -I/usr/include/GL -I/usr/include/libdrm '
GLEW_LIBS='-lGLEW -lGLU -lGL '
GLFW_CFLAGS='-I/usr/local/include -I/usr/include/libdrm '
GLFW_LIBS='-L/usr/local/lib -lglfw3 '
GREP='/bin/grep'
LDFLAGS=''
LIBOBJS=''
LIBS='-lportmidi -lflux -lportaudio -lpthread -lm -ldl  -lGLEW -lGLU -lGL   -L/usr/local/lib -lglfw3  -lsamplerate  -lfftw3f  -L/usr/local/lib -lSDL2_ttf -lSDL2_gfx -lSDL2_image -lSDL2_mixer -Wl,-rpath,/usr/local/lib -lSDL2  -lvamp-hostsdk'
LTLIBOBJS=''
OBJEXT='o'
PACKAGE_BUGREPORT='zbanks@mit.edu'
PACKAGE_NAME='beat-off'
PACKAGE_STRING='beat-off 1.0.0'
PACKAGE_TARNAME='https://github.com/ervanalb/beat-off'
PACKAGE_URL=''
PACKAGE_VERSION='1.0.0'
PATH_SEPARATOR=':'
PKG_CONFIG='/usr/bin/pkg-config'
PKG_CONFIG_LIBDIR=''
PKG_CONFIG_PATH=''
PORTMIDI_ENABLED='yes'
SDL_CFLAGS='-D_REENTRANT -I/usr/local/include/SDL2 -I/usr/include/SDL2 '
SDL_ENABLED='yes'
SDL_LIBS='-L/usr/local/lib -lSDL2_ttf -lSDL2_gfx -lSDL2_image -lSDL2_mixer -Wl,-rpath,/usr/local/lib -lSDL2 '
SHELL='/bin/bash'
SRC_CFLAGS=''
SRC_LIBS='-lsamplerate '
VAMP_ENABLED='yes'
ac_ct_CC='clang'
ac_ct_CXX=''
bindir='${exec_prefix}/bin'
build_alias=''
datadir='${datarootdir}'
datarootdir='${prefix}/share'
docdir='${datarootdir}/doc/${PACKAGE_TARNAME}'
dvidir='${docdir}'
exec_prefix='${prefix}'
host_alias=''
htmldir='${docdir}'
includedir='${prefix}/include'
infodir='${datarootdir}/info'
libdir='${exec_prefix}/lib'
libexecdir='${exec_prefix}/libexec'
localedir='${datarootdir}/locale'
localstatedir='${prefix}/var'
mandir='${datarootdir}/man'
oldincludedir='/usr/include'
pdfdir='${docdir}'
prefix='/usr/local'
program_transform_name='s,x,x,'
psdir='${docdir}'
sbindir='${exec_prefix}/sbin'
sharedstatedir='${prefix}/com'
sysconfdir='${prefix}/etc'
target_alias=''

## ----------- ##
## confdefs.h. ##
## ----------- ##

/* confdefs.h */
#define PACKAGE_NAME "beat-off"
#define PACKAGE_TARNAME "https://github.com/ervanalb/beat-off"
#define PACKAGE_VERSION "1.0.0"
#define PACKAGE_STRING "beat-off 1.0.0"
#define PACKAGE_BUGREPORT "zbanks@mit.edu"
#define PACKAGE_URL ""
#define STDC_HEADERS 1
#define HAVE_SYS_TYPES_H 1
#define HAVE_SYS_STAT_H 1
#define HAVE_STDLIB_H 1
#define HAVE_STRING_H 1
#define HAVE_MEMORY_H 1
#define HAVE_STRINGS_H 1
#define HAVE_INTTYPES_H 1
#define HAVE_STDINT_H 1
#define HAVE_UNISTD_H 1
#define SDL_ENABLED 1
#define VAMP_ENABLED 1
#define FLUX_ENABLED 1
#define PORTMIDI_ENABLED 1

configure: exit 0
